TN:
SF:src\modules\users\services\AthenticateUserService.ts
FN:15,(anonymous_18)
FN:16,AthenticateUserService
FN:24,(anonymous_20)
FNF:3
FNH:3
FNDA:1,(anonymous_18)
FNDA:3,AthenticateUserService
FNDA:3,(anonymous_20)
DA:1,1
DA:2,1
DA:4,1
DA:5,1
DA:15,1
DA:18,3
DA:21,3
DA:24,1
DA:25,3
DA:26,3
DA:28,3
DA:29,3
DA:30,1
DA:36,2
DA:40,2
DA:41,1
DA:44,1
DA:49,1
DA:54,1
DA:56,1
LF:20
LH:20
BRDA:28,0,0,3
BRDA:29,1,0,1
BRDA:29,1,1,2
BRDA:40,2,0,1
BRDA:40,2,1,1
BRF:5
BRH:5
end_of_record
TN:
SF:src\modules\users\services\CreateUserService.ts
FN:14,(anonymous_18)
FN:15,CreateUserService
FN:23,(anonymous_20)
FNF:3
FNH:3
FNDA:2,(anonymous_18)
FNDA:5,CreateUserService
FNDA:5,(anonymous_20)
DA:1,2
DA:3,2
DA:14,2
DA:17,5
DA:20,5
DA:23,5
DA:24,5
DA:25,1
DA:27,4
DA:28,4
DA:34,4
DA:36,2
DA:38,2
LF:13
LH:13
BRDA:24,0,0,5
BRDA:24,1,0,1
BRDA:24,1,1,4
BRF:3
BRH:3
end_of_record
